<?xml version="1.0" encoding="UTF-8" ?>
<testsuite tests="1" failures="1" name="com.tmb.tests.GetCallsTest" time="0.009" errors="0" skipped="0">
  <properties>
[...]
</properties>
  <testcase classname="com.tmb.tests.GetCallsTest" name="getEmployeesTest" time="0.009">
    <failure message="Unresolved compilation problems: 
	The method assertThat(int) is undefined for the type GetCallsTest
	Syntax error, insert &quot;;&quot; to complete Statement
" type="java.lang.Error">java.lang.Error: Unresolved compilation problems: 
	The method assertThat(int) is undefined for the type GetCallsTest
	Syntax error, insert &quot;;&quot; to complete Statement

	at com.tmb.tests.GetCallsTest.getEmployeesTest(GetCallsTest.java:23)
</failure>
    <system-out>Configuring TestNG with: org.apache.maven.surefire.testng.conf.TestNG652Configurator@3712b94
</system-out>
  </testcase>
</testsuite>