<?xml version="1.0" encoding="UTF-8"?>
<!-- Generated by org.testng.reporters.JUnitXMLReporter -->
<testsuite ignored="0" hostname="DIN80016288" failures="1" tests="1" name="Command line test" time="0.057" errors="0" timestamp="2021-04-28T22:11:56 IST">
  <testcase classname="com.tmb.tests.GetCallsTest" name="getEmployeesTest" time="0.005">
    <failure type="java.lang.Error" message="Unresolved compilation problems: 
	The method assertThat(int) is undefined for the type GetCallsTest
	Syntax error, insert &amp;quot;;&amp;quot; to complete Statement
">
      <![CDATA[java.lang.Error: Unresolved compilation problems: 
The method assertThat(int) is undefined for the type GetCallsTest
Syntax error, insert ";" to complete Statement

at com.tmb.tests.GetCallsTest.getEmployeesTest(GetCallsTest.java:23)
at java.base/java.util.ArrayList.forEach(ArrayList.java:1541)
... Removed 36 stack frames]]>
    </failure>
  </testcase> <!-- getEmployeesTest -->
</testsuite> <!-- Command line test -->
